{"level":"http","message":"POST /api/v1/user/register 400 81 - 35.257 ms","service":"event-service"}
{"level":"http","message":"POST /api/v1/user/register 500 65 - 18.978 ms","service":"event-service"}
{"level":"http","message":"POST /api/v1/user/register 500 65 - 25.753 ms","service":"event-service"}
{"level":"http","message":"POST /api/v1/user/register 500 65 - 21.700 ms","service":"event-service"}
{"level":"http","message":"POST /api/v1/user/register 500 65 - 35.038 ms","service":"event-service"}
{"level":"http","message":"POST /api/v1/user/register 500 65 - 28.385 ms","service":"event-service"}
{"level":"http","message":"POST /api/v1/user/register 500 65 - 24.253 ms","service":"event-service"}
{"level":"http","message":"POST /api/v1/user/register 200 225 - 170.046 ms","service":"event-service"}
{"level":"http","message":"POST /api/v1/user/login 200 20 - 150.058 ms","service":"event-service"}
{"level":"http","message":"POST /api/v1/user/login 200 20 - 135.503 ms","service":"event-service"}
{"level":"http","message":"POST /api/v1/user/login 200 20 - 154.930 ms","service":"event-service"}
{"level":"http","message":"POST /api/v1/user/login 200 20 - 138.569 ms","service":"event-service"}
{"level":"http","message":"POST /api/v1/user/login 500 54 - 160.004 ms","service":"event-service"}
{"level":"http","message":"POST /api/v1/user/login 500 54 - 154.506 ms","service":"event-service"}
{"level":"http","message":"POST /api/v1/user/login 500 54 - 136.167 ms","service":"event-service"}
{"level":"http","message":"POST /api/v1/user/login 500 54 - 143.810 ms","service":"event-service"}
{"level":"http","message":"POST /api/v1/user/login 500 54 - 148.855 ms","service":"event-service"}
{"level":"http","message":"POST /api/v1/user/login 500 54 - 146.417 ms","service":"event-service"}
{"level":"http","message":"POST /api/v1/user/login 500 54 - 149.113 ms","service":"event-service"}
{"level":"http","message":"POST /api/v1/user/login 500 54 - 244.014 ms","service":"event-service"}
{"level":"http","message":"POST /api/v1/user/login 500 54 - 138.223 ms","service":"event-service"}
{"level":"http","message":"POST /api/v1/user/login 500 54 - 160.355 ms","service":"event-service"}
{"level":"http","message":"POST /api/v1/user/login 500 54 - 138.308 ms","service":"event-service"}
{"level":"http","message":"POST /api/v1/user/login 200 250 - 148.061 ms","service":"event-service"}
{"level":"http","message":"POST /api/v1/transaction/ 401 61 - 4.179 ms","service":"event-service"}
{"level":"http","message":"POST /api/v1/transaction/ 400 48 - 25.617 ms","service":"event-service"}
{"level":"http","message":"POST /api/v1/transaction/ 400 68 - 36.170 ms","service":"event-service"}
{"level":"http","message":"POST /api/v1/transaction/ 400 68 - 37.413 ms","service":"event-service"}
{"level":"http","message":"POST /api/v1/transaction/ 400 68 - 32.203 ms","service":"event-service"}
{"level":"http","message":"POST /api/v1/transaction/ 400 68 - 9.279 ms","service":"event-service"}
{"level":"http","message":"POST /api/v1/transaction/ 400 68 - 40.273 ms","service":"event-service"}
{"level":"http","message":"POST /api/v1/transaction/ 201 244 - 40.175 ms","service":"event-service"}
{"level":"http","message":"POST /api/v1/transaction/ 201 244 - 10.040 ms","service":"event-service"}
{"level":"http","message":"POST /api/v1/transaction/ 201 245 - 9.953 ms","service":"event-service"}
{"level":"http","message":"POST /api/v1/transaction/ 201 247 - 7.468 ms","service":"event-service"}
{"level":"http","message":"GET /api/v1/transaction/ 200 901 - 8.371 ms","service":"event-service"}
{"level":"http","message":"GET /api/v1/transaction/8d114923-80e7-425e-ad38-873125e86a31 200 247 - 5.251 ms","service":"event-service"}
{"level":"http","message":"DELETE /api/v1/transaction/8d114923-80e7-425e-ad38-873125e86a31 200 32 - 11.120 ms","service":"event-service"}
{"level":"http","message":"GET /api/v1/transaction/8d114923-80e7-425e-ad38-873125e86a31 200 32 - 5.674 ms","service":"event-service"}
{"level":"http","message":"GET /api/v1/transaction/8d114923-80e7-425e-ad38-873125e86a31 - - - - ms","service":"event-service"}
{"level":"http","message":"GET /api/v1/transaction/8d114923-80e7-425e-ad38-873125e86a31 404 56 - 29.900 ms","service":"event-service"}
{"level":"http","message":"GET /api/v1/transaction?max=200 200 464 - 13.777 ms","service":"event-service"}
{"level":"http","message":"GET /api/v1/transaction?max=200&type=expense 200 247 - 5.957 ms","service":"event-service"}
{"level":"http","message":"GET /api/v1/transaction?max=3300&type=expense 200 247 - 5.553 ms","service":"event-service"}
{"level":"http","message":"GET /api/v1/transaction?max=3300&type=income 200 463 - 4.972 ms","service":"event-service"}
{"level":"http","message":"PUT /api/v1/transaction/ 500 49 - 12.456 ms","service":"event-service"}
{"level":"http","message":"PUT /api/v1/transaction/9968322e-dcd9-44ce-85d2-ae28861f0e1e 500 49 - 2.916 ms","service":"event-service"}
{"level":"http","message":"PATCH /api/v1/transaction/9968322e-dcd9-44ce-85d2-ae28861f0e1e 200 246 - 10.710 ms","service":"event-service"}
{"level":"http","message":"GET /api/v1/transaction?max=3300&type=income 200 246 - 4.388 ms","service":"event-service"}
{"level":"http","message":"GET /api/v1/transaction?max=3300&type=income 200 246 - 4.544 ms","service":"event-service"}
{"level":"http","message":"GET /api/v1/transaction 200 683 - 4.489 ms","service":"event-service"}
{"level":"http","message":"GET /api/v1/analytics/trends/total 200 120 - 6.057 ms","service":"event-service"}
{"level":"http","message":"GET /api/v1/analytics/trends/total 200 115 - 2.546 ms","service":"event-service"}
{"level":"http","message":"GET /api/v1/analytics/trends/total 200 115 - 2.488 ms","service":"event-service"}
{"level":"http","message":"GET /api/v1/analytics/trends/monthly 200 77 - 4.913 ms","service":"event-service"}
{"level":"http","message":"GET /api/v1/analytics/trends/monthly 200 87 - 2.430 ms","service":"event-service"}
{"level":"http","message":"GET /api/v1/analytics/trends/monthly 200 87 - 2.667 ms","service":"event-service"}
